{"/Users/lintingchieh/Desktop/name-sorter/src/utilities/fileExist.ts": {"path":"/Users/lintingchieh/Desktop/name-sorter/src/utilities/fileExist.ts","statementMap":{"0":{"start":{"line":1,"column":0},"end":{"line":1,"column":20}},"1":{"start":{"line":3,"column":18},"end":{"line":10,"column":1}},"2":{"start":{"line":4,"column":4},"end":{"line":9,"column":null}},"3":{"start":{"line":5,"column":8},"end":{"line":5,"column":null}},"4":{"start":{"line":6,"column":8},"end":{"line":6,"column":null}},"5":{"start":{"line":8,"column":8},"end":{"line":8,"column":null}},"6":{"start":{"line":12,"column":0},"end":{"line":12,"column":25}}},"fnMap":{"0":{"name":"(anonymous_1)","decl":{"start":{"line":3,"column":18},"end":{"line":3,"column":19}},"loc":{"start":{"line":3,"column":30},"end":{"line":10,"column":1}}}},"branchMap":{},"s":{"0":1,"1":1,"2":1,"3":1,"4":1,"5":0,"6":1},"f":{"0":1},"b":{}}
,"/Users/lintingchieh/Desktop/name-sorter/src/utilities/handleFile.ts": {"path":"/Users/lintingchieh/Desktop/name-sorter/src/utilities/handleFile.ts","statementMap":{"0":{"start":{"line":1,"column":0},"end":{"line":1,"column":20}},"1":{"start":{"line":2,"column":0},"end":{"line":2,"column":50}},"2":{"start":{"line":4,"column":23},"end":{"line":4,"column":56}},"3":{"start":{"line":5,"column":25},"end":{"line":5,"column":56}},"4":{"start":{"line":10,"column":19},"end":{"line":17,"column":1}},"5":{"start":{"line":11,"column":4},"end":{"line":15,"column":null}},"6":{"start":{"line":11,"column":58},"end":{"line":15,"column":6}},"7":{"start":{"line":12,"column":14},"end":{"line":12,"column":null}},"8":{"start":{"line":13,"column":32},"end":{"line":13,"column":null}},"9":{"start":{"line":13,"column":14},"end":{"line":13,"column":null}},"10":{"start":{"line":14,"column":8},"end":{"line":14,"column":null}},"11":{"start":{"line":16,"column":4},"end":{"line":16,"column":null}},"12":{"start":{"line":19,"column":0},"end":{"line":19,"column":26}}},"fnMap":{"0":{"name":"(anonymous_14)","decl":{"start":{"line":10,"column":19},"end":{"line":10,"column":null}},"loc":{"start":{"line":10,"column":19},"end":{"line":17,"column":1}}},"1":{"name":"(anonymous_15)","decl":{"start":{"line":11,"column":40},"end":{"line":11,"column":47}},"loc":{"start":{"line":11,"column":58},"end":{"line":15,"column":6}}},"2":{"name":"(anonymous_16)","decl":{"start":{"line":11,"column":58},"end":{"line":11,"column":null}},"loc":{"start":{"line":11,"column":58},"end":{"line":15,"column":6}}},"3":{"name":"(anonymous_18)","decl":{"start":{"line":13,"column":77},"end":{"line":13,"column":78}},"loc":{"start":{"line":13,"column":83},"end":{"line":13,"column":90}}}},"branchMap":{},"s":{"0":1,"1":1,"2":1,"3":1,"4":1,"5":1,"6":1,"7":1,"8":1,"9":1,"10":1,"11":1,"12":1},"f":{"0":1,"1":1,"2":1,"3":1},"b":{}}
,"/Users/lintingchieh/Desktop/name-sorter/src/utilities/handleSorting.ts": {"path":"/Users/lintingchieh/Desktop/name-sorter/src/utilities/handleSorting.ts","statementMap":{"0":{"start":{"line":1,"column":33},"end":{"line":5,"column":1}},"1":{"start":{"line":2,"column":27},"end":{"line":2,"column":47}},"2":{"start":{"line":3,"column":23},"end":{"line":3,"column":43}},"3":{"start":{"line":4,"column":4},"end":{"line":4,"column":null}},"4":{"start":{"line":1,"column":13},"end":{"line":1,"column":33}},"5":{"start":{"line":7,"column":20},"end":{"line":11,"column":1}},"6":{"start":{"line":8,"column":19},"end":{"line":8,"column":30}},"7":{"start":{"line":9,"column":4},"end":{"line":9,"column":null}},"8":{"start":{"line":10,"column":4},"end":{"line":10,"column":null}},"9":{"start":{"line":7,"column":13},"end":{"line":7,"column":20}},"10":{"start":{"line":13,"column":16},"end":{"line":19,"column":1}},"11":{"start":{"line":14,"column":24},"end":{"line":14,"column":49}},"12":{"start":{"line":15,"column":24},"end":{"line":15,"column":49}},"13":{"start":{"line":16,"column":4},"end":{"line":16,"column":null}},"14":{"start":{"line":16,"column":35},"end":{"line":16,"column":null}},"15":{"start":{"line":17,"column":4},"end":{"line":17,"column":null}},"16":{"start":{"line":17,"column":35},"end":{"line":17,"column":null}},"17":{"start":{"line":18,"column":4},"end":{"line":18,"column":null}}},"fnMap":{"0":{"name":"(anonymous_1)","decl":{"start":{"line":1,"column":33},"end":{"line":1,"column":34}},"loc":{"start":{"line":1,"column":46},"end":{"line":5,"column":1}}},"1":{"name":"(anonymous_2)","decl":{"start":{"line":7,"column":20},"end":{"line":7,"column":21}},"loc":{"start":{"line":7,"column":34},"end":{"line":11,"column":1}}},"2":{"name":"(anonymous_3)","decl":{"start":{"line":13,"column":16},"end":{"line":13,"column":17}},"loc":{"start":{"line":13,"column":37},"end":{"line":19,"column":1}}}},"branchMap":{"0":{"loc":{"start":{"line":16,"column":4},"end":{"line":16,"column":null}},"type":"if","locations":[{"start":{"line":16,"column":4},"end":{"line":16,"column":null}},{"start":{"line":16,"column":4},"end":{"line":16,"column":null}}]},"1":{"loc":{"start":{"line":17,"column":4},"end":{"line":17,"column":null}},"type":"if","locations":[{"start":{"line":17,"column":4},"end":{"line":17,"column":null}},{"start":{"line":17,"column":4},"end":{"line":17,"column":null}}]}},"s":{"0":1,"1":1,"2":1,"3":1,"4":1,"5":1,"6":2,"7":2,"8":2,"9":1,"10":1,"11":31,"12":31,"13":31,"14":14,"15":17,"16":17,"17":0},"f":{"0":1,"1":2,"2":31},"b":{"0":[14,17],"1":[17,0]}}
}
