TN:
SF:src/utilities/fileExist.ts
FN:3,(anonymous_1)
FNF:1
FNH:1
FNDA:1,(anonymous_1)
DA:1,1
DA:3,1
DA:4,1
DA:5,1
DA:6,1
DA:8,0
DA:12,1
LF:7
LH:6
BRF:0
BRH:0
end_of_record
TN:
SF:src/utilities/handleFile.ts
FN:10,(anonymous_14)
FN:11,(anonymous_15)
FN:11,(anonymous_16)
FN:13,(anonymous_18)
FNF:4
FNH:4
FNDA:1,(anonymous_14)
FNDA:1,(anonymous_15)
FNDA:1,(anonymous_16)
FNDA:1,(anonymous_18)
DA:1,1
DA:2,1
DA:4,1
DA:5,1
DA:10,1
DA:11,1
DA:12,1
DA:13,1
DA:14,1
DA:16,1
DA:19,1
LF:11
LH:11
BRF:0
BRH:0
end_of_record
TN:
SF:src/utilities/handleSorting.ts
FN:1,(anonymous_1)
FN:7,(anonymous_2)
FN:13,(anonymous_3)
FNF:3
FNH:3
FNDA:1,(anonymous_1)
FNDA:2,(anonymous_2)
FNDA:31,(anonymous_3)
DA:1,1
DA:2,1
DA:3,1
DA:4,1
DA:7,1
DA:8,2
DA:9,2
DA:10,2
DA:13,1
DA:14,31
DA:15,31
DA:16,31
DA:17,17
DA:18,0
LF:14
LH:13
BRDA:16,0,0,14
BRDA:16,0,1,17
BRDA:17,1,0,17
BRDA:17,1,1,0
BRF:4
BRH:3
end_of_record
